2024-11-29 20:03:51,565 - video_data_file - INFO - {
  "title": "Norm Macdonald on Germany",
  "link": "https://youtu.be/uXdtafGdIVM",
  "desc": "",
  "grade": 9,
  "tags": [
    "norm"
  ],
  "upload_date": "",
  "duration": "2:21",
  "comments": "Norm Macdonald on David Letterman's last episode of The Late Show in 2015."
}
2024-11-29 20:11:07,813 - video_data_file - INFO - {
  "title": "Norm Macdonald Is Married To A Real Battle-Axe",
  "link": "https://youtu.be/L7K-kaelQEs",
  "desc": "Rodney Dangerfield jokes",
  "grade": 9,
  "tags": [
    "norm"
  ],
  "upload_date": "2016",
  "duration": "5:08",
  "comments": "She is choking"
}
